  Agent.cpp
  Camera2D.cpp
  Error.cpp
  GLS_Program.cpp
  Human.cpp
  ImageLoader.cpp
c:\users\usuario\desktop\funda\papuengine\imageloader.cpp(36): warning C4244: '=': conversión de 'unsigned long' a 'float'; posible pérdida de datos
c:\users\usuario\desktop\funda\papuengine\imageloader.cpp(37): warning C4244: '=': conversión de 'unsigned long' a 'float'; posible pérdida de datos
  InputManager.cpp
  IOManager.cpp
c:\users\usuario\desktop\funda\papuengine\iomanager.cpp(15): warning C4244: 'inicializando': conversión de 'std::streamoff' a 'int'; posible pérdida de datos
c:\users\usuario\desktop\funda\papuengine\iomanager.cpp(18): warning C4244: '-=': conversión de 'std::streamoff' a 'int'; posible pérdida de datos
  Level.cpp
c:\users\usuario\desktop\funda\papuengine\level.cpp(57): warning C4244: '=': conversión de '::size_t' a 'float'; posible pérdida de datos
c:\users\usuario\desktop\funda\papuengine\level.cpp(58): warning C4244: '=': conversión de '::size_t' a 'float'; posible pérdida de datos
  main.cpp
  MainGame.cpp
c:\users\usuario\desktop\funda\papuengine\maingame.cpp(83): warning C4244: 'argumento': conversión de 'Sint32' a 'float'; posible pérdida de datos
  PapuEngine.cpp
  picoPNG.cpp
  Player.cpp
  ResourceManager.cpp
  Sprite.cpp
  SpriteBacth.cpp
c:\users\usuario\desktop\funda\papuengine\spritebacth.cpp(15): warning C4018: '<': no coinciden signed/unsigned
c:\users\usuario\desktop\funda\papuengine\spritebacth.cpp(44): warning C4018: '<': no coinciden signed/unsigned
c:\users\usuario\desktop\funda\papuengine\spritebacth.cpp(72): warning C4018: '<': no coinciden signed/unsigned
  TextureCache.cpp
  Window.cpp
  Zombie.cpp
  Generando código...
  PapuEngine.vcxproj -> C:\Users\USUARIO\Desktop\funda\Debug\PapuEngine.exe
